warning: unused import: `Hull`
 --> sidereal-replication-server/src/scene/loader.rs:8:71
  |
8 | ...sition, SpatialTracked, Hull};
  |                            ^^^^
  |
  = note: `#[warn(unused_imports)]` on by default

warning: `sidereal-replication-server` (lib) generated 1 warning (run `cargo fix --lib -p sidereal-replication-server` to apply 1 suggestion)
warning: `sidereal-replication-server` (bin "sidereal-replication-server") generated 1 warning (1 duplicate)
    Finished `dev` profile [unoptimized + debuginfo] target(s) in 0.19s
     Running `target/debug/sidereal-replication-server`
[2m2025-03-01T10:49:30.432547Z[0m [32m INFO[0m [2msidereal_replication_server[0m[2m:[0m Starting Sidereal Replication Server
[2m2025-03-01T10:49:30.436639Z[0m [32m INFO[0m [2msidereal_replication_server::replication::plugin[0m[2m:[0m Building replication plugin
[2m2025-03-01T10:49:30.436860Z[0m [32m INFO[0m [2msidereal_replication_server::replication::plugin[0m[2m:[0m Replication server started successfully at 127.0.0.1:5000
[2m2025-03-01T10:49:30.436947Z[0m [32m INFO[0m [2msidereal_replication_server::universe::plugin[0m[2m:[0m Building universe manager plugin
[2m2025-03-01T10:49:30.438847Z[0m [32m INFO[0m [2msidereal_replication_server::scene::loader[0m[2m:[0m Initializing scene loader
[2m2025-03-01T10:49:30.510337Z[0m [32m INFO[0m [2msidereal_replication_server::scene::loader[0m[2m:[0m Connected to database
[2m2025-03-01T10:49:30.512118Z[0m [32m INFO[0m [2msidereal_replication_server::scene::loader[0m[2m:[0m Starting to load entities from database
[2m2025-03-01T10:49:30.642503Z[0m [32m INFO[0m [2msidereal_replication_server::scene::loader[0m[2m:[0m Loaded 5 entities from database
[2m2025-03-01T10:49:30.642696Z[0m [32m INFO[0m [2msidereal_replication_server::scene::loader[0m[2m:[0m Processing 5 loaded entities
[2m2025-03-01T10:49:30.642736Z[0m [32m INFO[0m [2msidereal_replication_server::scene::loader[0m[2m:[0m Spawned entity: Federation Scout
[2m2025-03-01T10:49:30.642744Z[0m [32m INFO[0m [2msidereal_replication_server::scene::loader[0m[2m:[0m Spawned entity: Klingon Cruiser
[2m2025-03-01T10:49:30.642749Z[0m [32m INFO[0m [2msidereal_replication_server::scene::loader[0m[2m:[0m Spawned entity: Large Iron Asteroid
[2m2025-03-01T10:49:30.642752Z[0m [32m INFO[0m [2msidereal_replication_server::scene::loader[0m[2m:[0m Spawned entity: Small Crystal Asteroid
[2m2025-03-01T10:49:30.642755Z[0m [32m INFO[0m [2msidereal_replication_server::scene::loader[0m[2m:[0m Spawned entity: Deep Space 9
[2m2025-03-01T10:49:30.644089Z[0m [32m INFO[0m [2msidereal_replication_server::universe::systems[0m[2m:[0m Initializing universe state
[2m2025-03-01T10:49:30.644390Z[0m [32m INFO[0m [2msidereal_replication_server::universe::systems[0m[2m:[0m Created initial cluster at IVec2(0, 0) with ID 9087774d-dfdf-419f-b186-847940f25c05
