[2m2025-03-01T09:00:10.702551Z[0m [32m INFO[0m [2msidereal_shard_server[0m[2m:[0m Starting Sidereal Shard Server
[2m2025-03-01T09:00:10.736617Z[0m [32m INFO[0m [2msidereal_shard_server::config[0m[2m:[0m Building config plugin
[2m2025-03-01T09:00:10.737127Z[0m [32m INFO[0m [2msidereal_shard_server::config[0m[2m:[0m No SHARD_ID provided, generated new ID: e068f2cd-06a9-4cfa-9993-b8c0e743e0b0
[2m2025-03-01T09:00:10.737160Z[0m [32m INFO[0m [2msidereal_shard_server::config[0m[2m:[0m Using default replication server address: 127.0.0.1
[2m2025-03-01T09:00:10.737624Z[0m [32m INFO[0m [2msidereal_shard_server::config[0m[2m:[0m Using default network protocol ID: 0
[2m2025-03-01T09:00:10.737650Z[0m [32m INFO[0m [2msidereal_shard_server::config[0m[2m:[0m Using default shard server IP: 127.0.0.1
[2m2025-03-01T09:00:10.737657Z[0m [32m INFO[0m [2msidereal_shard_server::config[0m[2m:[0m Using default shard server port: 7777
[2m2025-03-01T09:00:10.738104Z[0m [32m INFO[0m [2msidereal_shard_server::config[0m[2m:[0m Using default entity capacity: 5000
[2m2025-03-01T09:00:10.738129Z[0m [32m INFO[0m [2msidereal_shard_server::config[0m[2m:[0m Physics configuration: FPS=30, Substeps=1
[2m2025-03-01T09:00:10.738333Z[0m [32m INFO[0m [2msidereal_shard_server::cluster::plugin[0m[2m:[0m Building cluster manager plugin
[2m2025-03-01T09:00:10.745899Z[0m [32m INFO[0m [2msidereal_shard_server::cluster::plugin[0m[2m:[0m Cluster manager plugin ready
[2m2025-03-01T09:00:10.745950Z[0m [32m INFO[0m [2msidereal_shard_server::physics[0m[2m:[0m Building physics plugin
[2m2025-03-01T09:00:10.767756Z[0m [32m INFO[0m [2msidereal_shard_server::replication::plugin[0m[2m:[0m Building shard replication plugin
[2m2025-03-01T09:00:10.783610Z[0m [32m INFO[0m [2msidereal_shard_server::shadow[0m[2m:[0m Building shadow entity plugin
[2m2025-03-01T09:00:10.783752Z[0m [33m WARN[0m [2mbevy_state::app[0m[2m:[0m State sidereal_shard_server::config::ShardState is already initialized.
[2m2025-03-01T09:00:10.802118Z[0m [32m INFO[0m [2msidereal_shard_server::replication::plugin[0m[2m:[0m Connecting to replication server at 127.0.0.1:5000
[2m2025-03-01T09:00:10.805829Z[0m [32m INFO[0m [2msidereal_shard_server::replication::plugin[0m[2m:[0m Connected to replication server as shard e068f2cd-06a9-4cfa-9993-b8c0e743e0b0
[2m2025-03-01T09:00:10.808221Z[0m [32m INFO[0m [2msidereal_shard_server::physics[0m[2m:[0m Setting physics timestep to 0.033333335 seconds (30 FPS)
[2m2025-03-01T09:00:20.806962Z[0m [32m INFO[0m [2msidereal_shard_server::physics[0m[2m:[0m Physics processing active - 1 entities in simulation
[2m2025-03-01T09:00:30.808053Z[0m [32m INFO[0m [2msidereal_shard_server::physics[0m[2m:[0m Physics processing active - 1 entities in simulation
[2m2025-03-01T09:00:40.807985Z[0m [32m INFO[0m [2msidereal_shard_server::physics[0m[2m:[0m Physics processing active - 1 entities in simulation
